<?xml version="1.0" encoding="UTF-8"?>
<testsuites name="jest tests" tests="1" failures="0" errors="0" time="0.842">
  <testsuite name="jest.test.ts" errors="0" failures="0" skipped="0" timestamp="2022-04-19T21:20:47" time="0.599" tests="1">
    <testcase classname=" test jenkins pipeline" name=" test jenkins pipeline" time="0.002">
    </testcase>
  </testsuite>
</testsuites>