<?xml version="1.0" encoding="UTF-8"?>
<testsuites name="Unit Tests" tests="2" failures="0" errors="0" time="10.592">
  <testsuite name="backend\host\test\action-handling.test.ts" errors="0" failures="0" skipped="0" timestamp="2022-04-21T14:43:17" time="8.895" tests="1">
    <testcase classname="-test" name="-test" time="0.005">
    </testcase>
  </testsuite>
  <testsuite name="jest.test.ts" errors="0" failures="0" skipped="0" timestamp="2022-04-21T14:43:17" time="8.951" tests="1">
    <testcase classname="-test jenkins pipeline2" name="-test jenkins pipeline2" time="0.007">
    </testcase>
  </testsuite>
</testsuites>