<?xml version="1.0" encoding="UTF-8"?>
<testsuites name="jest tests" tests="2" failures="0" errors="0" time="7.104">
  <testsuite name="backend\host\test\action-handling.test.ts" errors="0" failures="0" skipped="0" timestamp="2022-04-21T13:10:15" time="5.995" tests="1">
    <testcase classname=" test" name=" test" time="0.004">
    </testcase>
  </testsuite>
  <testsuite name="jest.test.ts" errors="0" failures="0" skipped="0" timestamp="2022-04-21T13:10:15" time="6.028" tests="1">
    <testcase classname=" test jenkins pipeline2" name=" test jenkins pipeline2" time="0.004">
    </testcase>
  </testsuite>
</testsuites>