<?xml version="1.0" encoding="UTF-8"?>
<testsuites name="Unit Tests" tests="3" failures="0" errors="0" time="11.215">
  <testsuite name="backend\host\test\action-handling.test.ts" errors="0" failures="0" skipped="0" timestamp="2022-04-21T15:11:58" time="8.295" tests="1">
    <testcase classname="action-handling.test.ts" name="test" time="0.009">
    </testcase>
  </testsuite>
  <testsuite name="jest.test.ts" errors="0" failures="0" skipped="0" timestamp="2022-04-21T15:11:58" time="8.79" tests="2">
    <testcase classname="jest.test.ts" name="test jenkins pipeline2" time="0.004">
    </testcase>
    <testcase classname="jest.test.ts" name="test jenkins pipeline3" time="0.001">
    </testcase>
  </testsuite>
</testsuites>