<?xml version="1.0" encoding="UTF-8"?>
<testsuites name="Unit Tests" tests="1" failures="0" errors="0" time="1.382">
  <testsuite name="jest.test.ts" errors="0" failures="0" skipped="0" timestamp="2022-04-21T14:46:36" time="0.981" tests="1">
    <testcase classname="-test jenkins pipeline2" name="-test jenkins pipeline2" time="0.003">
    </testcase>
  </testsuite>
</testsuites>