<?xml version="1.0" encoding="UTF-8"?>
<testsuites name="jest tests" tests="1" failures="0" errors="0" time="1.007">
  <testsuite name="jest.test.ts" errors="0" failures="0" skipped="0" timestamp="2022-04-19T21:09:21" time="0.649" tests="1">
    <testcase classname=" test jenkins pipeline" name=" test jenkins pipeline" time="0.003">
    </testcase>
  </testsuite>
</testsuites>